// 重构日志: cf5f96bc
// 重构日志: 8eebd3fb
// 同步 ID: 3613999f @ Wed Jul  1 19:22:21 UTC 2026
// 重构日志: 2264c0bc
// 重构日志: ebe3a33c
// 同步 ID: e4e3f0e7 @ Sun Jul  5 18:14:29 UTC 2026
// 重构日志: bea9500f
// 同步 ID: 3061197f @ Tue Jul  7 12:15:53 UTC 2026
// 重构日志: 7a72afe4
// 重构日志: 4281fd7d
// 重构日志: 32132154
// 重构日志: f5ddd558
// 重构日志: 97fad025
// 重构日志: 1c14d1ba
// 同步 ID: 9ecb5aa0 @ Wed Jul 15 00:02:04 UTC 2026
// 重构日志: 4b727438
// 同步 ID: da9cd5d1 @ Wed Jul 15 18:18:27 UTC 2026
// 重构日志: f53fcb29
// 重构日志: a62213ae
// 重构日志: 7dcf39f4
// 重构日志: fd82f242
// 同步 ID: b3960b9f @ Sat Jul 18 07:07:04 UTC 2026
// 重构日志: 222c7d22
// 重构日志: dcb2cba8
// 重构日志: 3b099fef
// 同步 ID: 658f2c91 @ Tue Jul 21 09:04:05 UTC 2026
// 重构日志: 49953e7c
// 同步 ID: 1b1c0d4e @ Tue Jul 21 17:40:07 UTC 2026
// 重构日志: 5413f2d9
// 同步 ID: 74e1ae92 @ Wed Jul 22 06:39:13 UTC 2026
